<?xml version="1.0" encoding="UTF-8"?>
<!-- Generated by org.testng.reporters.JUnitXMLReporter -->
<testsuite hostname="DESKTOP-LQONSOF" ignored="0" name="SuiteOneTests" tests="6" failures="0" timestamp="15 Jun 2018 19:54:44 GMT" time="0.062" errors="0">
  <testcase name="f" time="0.016" classname="TestNGOne.NewTest"/>
  <testcase name="f1" time="0.0" classname="TestNGOne.NewTest"/>
  <testcase name="f3" time="0.0" classname="TestNGOne.NewTest"/>
  <testcase name="f" time="0.0" classname="TestNGOne.NewTestTwo"/>
  <testcase name="f1" time="0.0" classname="TestNGOne.NewTestTwo"/>
  <testcase name="f3" time="0.016" classname="TestNGOne.NewTestTwo"/>
</testsuite> <!-- SuiteOneTests -->
